<?xml version="1.0" encoding="UTF-8"?>
<coverage generated="1674109124620" clover="3.2.0">
  <project timestamp="1674109124620" name="All files">
    <metrics statements="230" coveredstatements="197" conditionals="89" coveredconditionals="66" methods="21" coveredmethods="17" elements="340" coveredelements="280" complexity="0" loc="230" ncloc="230" packages="3" files="4" classes="4"/>
    <package name="simulator">
      <metrics statements="2" coveredstatements="2" conditionals="0" coveredconditionals="0" methods="1" coveredmethods="1"/>
      <file name="main.ts" path="/Users/minhyeok/Desktop/service-development/simulator/main.ts">
        <metrics statements="2" coveredstatements="2" conditionals="0" coveredconditionals="0" methods="1" coveredmethods="1"/>
        <line num="4" count="7" type="stmt"/>
        <line num="5" count="7" type="stmt"/>
      </file>
    </package>
    <package name="simulator.src.simulator">
      <metrics statements="120" coveredstatements="120" conditionals="52" coveredconditionals="50" methods="7" coveredmethods="7"/>
      <file name="assembler.ts" path="/Users/minhyeok/Desktop/service-development/simulator/src/simulator/assembler.ts">
        <metrics statements="120" coveredstatements="120" conditionals="52" coveredconditionals="50" methods="7" coveredmethods="7"/>
        <line num="14" count="4" type="stmt"/>
        <line num="41" count="10" type="stmt"/>
        <line num="42" count="10" type="stmt"/>
        <line num="43" count="10" type="stmt"/>
        <line num="45" count="10" type="stmt"/>
        <line num="46" count="10" type="stmt"/>
        <line num="48" count="10" type="stmt"/>
        <line num="49" count="10" type="stmt"/>
        <line num="50" count="10" type="stmt"/>
        <line num="51" count="736" type="stmt"/>
        <line num="52" count="279" type="stmt"/>
        <line num="54" count="279" type="cond" truecount="2" falsecount="0"/>
        <line num="55" count="10" type="stmt"/>
        <line num="56" count="10" type="stmt"/>
        <line num="57" count="10" type="stmt"/>
        <line num="58" count="269" type="cond" truecount="2" falsecount="0"/>
        <line num="59" count="10" type="stmt"/>
        <line num="60" count="10" type="stmt"/>
        <line num="61" count="10" type="stmt"/>
        <line num="62" count="259" type="cond" truecount="2" falsecount="0"/>
        <line num="63" count="28" type="cond" truecount="2" falsecount="0"/>
        <line num="65" count="3" type="stmt"/>
        <line num="68" count="25" type="stmt"/>
        <line num="69" count="25" type="stmt"/>
        <line num="70" count="25" type="stmt"/>
        <line num="71" count="25" type="stmt"/>
        <line num="74" count="28" type="stmt"/>
        <line num="75" count="231" type="cond" truecount="1" falsecount="1"/>
        <line num="76" count="231" type="cond" truecount="2" falsecount="0"/>
        <line num="78" count="41" type="stmt"/>
        <line num="79" count="41" type="stmt"/>
        <line num="80" count="41" type="stmt"/>
        <line num="81" count="41" type="stmt"/>
        <line num="84" count="190" type="stmt"/>
        <line num="85" count="190" type="stmt"/>
        <line num="87" count="190" type="cond" truecount="2" falsecount="0"/>
        <line num="88" count="15" type="stmt"/>
        <line num="89" count="15" type="stmt"/>
        <line num="90" count="15" type="cond" truecount="2" falsecount="0"/>
        <line num="91" count="8" type="stmt"/>
        <line num="92" count="8" type="stmt"/>
        <line num="96" count="190" type="stmt"/>
        <line num="99" count="218" type="stmt"/>
        <line num="101" count="10" type="stmt"/>
        <line num="104" count="4" type="stmt"/>
        <line num="115" count="8" type="stmt"/>
        <line num="124" count="8" type="stmt"/>
        <line num="126" count="8" type="stmt"/>
        <line num="127" count="148" type="stmt"/>
        <line num="128" count="148" type="stmt"/>
        <line num="131" count="148" type="cond" truecount="2" falsecount="0"/>
        <line num="132" count="11" type="stmt"/>
        <line num="133" count="11" type="stmt"/>
        <line num="134" count="11" type="stmt"/>
        <line num="135" count="11" type="stmt"/>
        <line num="138" count="11" type="cond" truecount="2" falsecount="0"/>
        <line num="139" count="6" type="stmt"/>
        <line num="140" count="6" type="stmt"/>
        <line num="142" count="6" type="stmt"/>
        <line num="144" count="137" type="cond" truecount="2" falsecount="0"/>
        <line num="146" count="1" type="stmt"/>
        <line num="147" count="1" type="stmt"/>
        <line num="148" count="1" type="stmt"/>
        <line num="149" count="1" type="stmt"/>
        <line num="150" count="1" type="stmt"/>
        <line num="153" count="136" type="stmt"/>
        <line num="154" count="136" type="cond" truecount="2" falsecount="0"/>
        <line num="155" count="54" type="cond" truecount="4" falsecount="0"/>
        <line num="156" count="13" type="stmt"/>
        <line num="157" count="13" type="stmt"/>
        <line num="158" count="13" type="stmt"/>
        <line num="159" count="13" type="stmt"/>
        <line num="160" count="41" type="cond" truecount="2" falsecount="0"/>
        <line num="161" count="1" type="stmt"/>
        <line num="162" count="1" type="stmt"/>
        <line num="163" count="1" type="stmt"/>
        <line num="164" count="1" type="stmt"/>
        <line num="166" count="40" type="stmt"/>
        <line num="167" count="40" type="stmt"/>
        <line num="168" count="40" type="stmt"/>
        <line num="169" count="40" type="stmt"/>
        <line num="171" count="54" type="stmt"/>
        <line num="173" count="82" type="cond" truecount="2" falsecount="0"/>
        <line num="174" count="75" type="cond" truecount="2" falsecount="0"/>
        <line num="175" count="3" type="stmt"/>
        <line num="176" count="3" type="stmt"/>
        <line num="177" count="3" type="stmt"/>
        <line num="181" count="72" type="cond" truecount="4" falsecount="0"/>
        <line num="182" count="12" type="stmt"/>
        <line num="186" count="12" type="stmt"/>
        <line num="187" count="12" type="stmt"/>
        <line num="188" count="60" type="cond" truecount="2" falsecount="0"/>
        <line num="194" count="26" type="stmt"/>
        <line num="195" count="26" type="stmt"/>
        <line num="196" count="26" type="stmt"/>
        <line num="197" count="26" type="stmt"/>
        <line num="199" count="34" type="stmt"/>
        <line num="200" count="34" type="stmt"/>
        <line num="202" count="34" type="stmt"/>
        <line num="207" count="75" type="stmt"/>
        <line num="209" count="7" type="cond" truecount="1" falsecount="1"/>
        <line num="210" count="7" type="stmt"/>
        <line num="211" count="7" type="stmt"/>
        <line num="215" count="148" type="stmt"/>
        <line num="217" count="8" type="stmt"/>
        <line num="220" count="4" type="stmt"/>
        <line num="232" count="8" type="stmt"/>
        <line num="233" count="8" type="stmt"/>
        <line num="234" count="22" type="stmt"/>
        <line num="236" count="22" type="stmt"/>
        <line num="239" count="8" type="stmt"/>
        <line num="242" count="4" type="stmt"/>
        <line num="249" count="7" type="stmt"/>
        <line num="250" count="7" type="stmt"/>
        <line num="254" count="7" type="stmt"/>
        <line num="255" count="7" type="stmt"/>
        <line num="256" count="7" type="stmt"/>
        <line num="258" count="7" type="stmt"/>
        <line num="259" count="165" type="stmt"/>
        <line num="262" count="7" type="stmt"/>
      </file>
    </package>
    <package name="simulator.src.utils">
      <metrics statements="108" coveredstatements="75" conditionals="37" coveredconditionals="16" methods="13" coveredmethods="9"/>
      <file name="constants.ts" path="/Users/minhyeok/Desktop/service-development/simulator/src/utils/constants.ts">
        <metrics statements="54" coveredstatements="51" conditionals="0" coveredconditionals="0" methods="4" coveredmethods="3"/>
        <line num="1" count="4" type="stmt"/>
        <line num="3" count="4" type="stmt"/>
        <line num="4" count="4" type="stmt"/>
        <line num="5" count="4" type="stmt"/>
        <line num="6" count="4" type="stmt"/>
        <line num="7" count="4" type="stmt"/>
        <line num="28" count="4" type="stmt"/>
        <line num="34" count="4" type="stmt"/>
        <line num="42" count="4" type="stmt"/>
        <line num="43" count="4" type="stmt"/>
        <line num="44" count="4" type="stmt"/>
        <line num="45" count="4" type="stmt"/>
        <line num="47" count="4" type="stmt"/>
        <line num="57" count="108" type="stmt"/>
        <line num="58" count="108" type="stmt"/>
        <line num="59" count="108" type="stmt"/>
        <line num="60" count="108" type="stmt"/>
        <line num="69" count="283" type="stmt"/>
        <line num="70" count="283" type="stmt"/>
        <line num="80" count="0" type="stmt"/>
        <line num="81" count="0" type="stmt"/>
        <line num="82" count="0" type="stmt"/>
        <line num="87" count="4" type="stmt"/>
        <line num="88" count="4" type="stmt"/>
        <line num="89" count="4" type="stmt"/>
        <line num="90" count="4" type="stmt"/>
        <line num="91" count="4" type="stmt"/>
        <line num="92" count="4" type="stmt"/>
        <line num="93" count="4" type="stmt"/>
        <line num="94" count="4" type="stmt"/>
        <line num="95" count="4" type="stmt"/>
        <line num="96" count="4" type="stmt"/>
        <line num="97" count="4" type="stmt"/>
        <line num="98" count="4" type="stmt"/>
        <line num="99" count="4" type="stmt"/>
        <line num="100" count="4" type="stmt"/>
        <line num="101" count="4" type="stmt"/>
        <line num="102" count="4" type="stmt"/>
        <line num="103" count="4" type="stmt"/>
        <line num="104" count="4" type="stmt"/>
        <line num="105" count="4" type="stmt"/>
        <line num="106" count="4" type="stmt"/>
        <line num="107" count="4" type="stmt"/>
        <line num="108" count="4" type="stmt"/>
        <line num="109" count="4" type="stmt"/>
        <line num="110" count="4" type="stmt"/>
        <line num="111" count="4" type="stmt"/>
        <line num="112" count="4" type="stmt"/>
        <line num="113" count="4" type="stmt"/>
        <line num="119" count="4" type="stmt"/>
        <line num="150" count="4" type="stmt"/>
        <line num="155" count="4" type="stmt"/>
        <line num="157" count="4" type="stmt"/>
        <line num="158" count="21" type="stmt"/>
      </file>
      <file name="functions.ts" path="/Users/minhyeok/Desktop/service-development/simulator/src/utils/functions.ts">
        <metrics statements="54" coveredstatements="24" conditionals="37" coveredconditionals="16" methods="9" coveredmethods="6"/>
        <line num="8" count="455" type="cond" truecount="2" falsecount="0"/>
        <line num="9" count="444" type="stmt"/>
        <line num="11" count="11" type="stmt"/>
        <line num="12" count="11" type="stmt"/>
        <line num="22" count="15" type="stmt"/>
        <line num="26" count="66" type="stmt"/>
        <line num="27" count="66" type="cond" truecount="1" falsecount="1"/>
        <line num="28" count="0" type="stmt"/>
        <line num="33" count="0" type="stmt"/>
        <line num="38" count="14" type="stmt"/>
        <line num="39" count="14" type="cond" truecount="1" falsecount="1"/>
        <line num="48" count="0" type="stmt"/>
        <line num="50" count="14" type="stmt"/>
        <line num="66" count="7" type="stmt"/>
        <line num="67" count="7" type="stmt"/>
        <line num="73" count="7" type="stmt"/>
        <line num="74" count="7" type="cond" truecount="1" falsecount="1"/>
        <line num="76" count="7" type="stmt"/>
        <line num="78" count="7" type="cond" truecount="1" falsecount="1"/>
        <line num="79" count="7" type="stmt"/>
        <line num="81" count="0" type="cond" truecount="0" falsecount="2"/>
        <line num="82" count="0" type="stmt"/>
        <line num="86" count="0" type="cond" truecount="0" falsecount="2"/>
        <line num="87" count="0" type="stmt"/>
        <line num="91" count="0" type="stmt"/>
        <line num="92" count="0" type="stmt"/>
        <line num="107" count="7" type="stmt"/>
        <line num="108" count="7" type="stmt"/>
        <line num="114" count="7" type="stmt"/>
        <line num="115" count="7" type="cond" truecount="1" falsecount="1"/>
        <line num="117" count="7" type="stmt"/>
        <line num="119" count="7" type="cond" truecount="1" falsecount="1"/>
        <line num="120" count="7" type="stmt"/>
        <line num="122" count="0" type="cond" truecount="0" falsecount="2"/>
        <line num="123" count="0" type="stmt"/>
        <line num="127" count="0" type="cond" truecount="0" falsecount="2"/>
        <line num="128" count="0" type="stmt"/>
        <line num="132" count="0" type="stmt"/>
        <line num="133" count="0" type="stmt"/>
        <line num="151" count="0" type="stmt"/>
        <line num="152" count="0" type="stmt"/>
        <line num="158" count="0" type="stmt"/>
        <line num="159" count="0" type="cond" truecount="0" falsecount="2"/>
        <line num="160" count="0" type="stmt"/>
        <line num="161" count="0" type="cond" truecount="0" falsecount="2"/>
        <line num="165" count="0" type="stmt"/>
        <line num="166" count="0" type="stmt"/>
        <line num="168" count="0" type="stmt"/>
        <line num="169" count="0" type="stmt"/>
        <line num="172" count="0" type="stmt"/>
        <line num="174" count="0" type="cond" truecount="0" falsecount="2"/>
        <line num="175" count="0" type="stmt"/>
        <line num="176" count="0" type="stmt"/>
        <line num="177" count="0" type="stmt"/>
      </file>
    </package>
  </project>
</coverage>
