{"/Users/minhyeok/Desktop/service-development/simulator/main.ts": {"path":"/Users/minhyeok/Desktop/service-development/simulator/main.ts","statementMap":{"0":{"start":{"line":4,"column":25},"end":{"line":4,"column":53}},"1":{"start":{"line":5,"column":2},"end":{"line":5,"column":16}}},"fnMap":{"0":{"name":"assemble","decl":{"start":{"line":3,"column":16},"end":{"line":3,"column":24}},"loc":{"start":{"line":3,"column":57},"end":{"line":6,"column":1}},"line":3}},"branchMap":{},"s":{"0":7,"1":7},"f":{"0":7},"b":{},"_coverageSchema":"1a1c01bbd47fc00a2c39e90264f33305004495a9","hash":"a253a0f83741a1081620c29dea708e1574c3918f"}
,"/Users/minhyeok/Desktop/service-development/simulator/src/simulator/assembler.ts": {"path":"/Users/minhyeok/Desktop/service-development/simulator/src/simulator/assembler.ts","statementMap":{"0":{"start":{"line":14,"column":31},"end":{"line":102,"column":1}},"1":{"start":{"line":41,"column":2},"end":{"line":41,"column":21}},"2":{"start":{"line":42,"column":16},"end":{"line":42,"column":17}},"3":{"start":{"line":43,"column":19},"end":{"line":43,"column":35}},"4":{"start":{"line":45,"column":24},"end":{"line":45,"column":25}},"5":{"start":{"line":46,"column":24},"end":{"line":46,"column":25}},"6":{"start":{"line":48,"column":28},"end":{"line":48,"column":30}},"7":{"start":{"line":49,"column":28},"end":{"line":49,"column":30}},"8":{"start":{"line":50,"column":2},"end":{"line":100,"column":5}},"9":{"start":{"line":51,"column":30},"end":{"line":51,"column":69}},"10":{"start":{"line":51,"column":60},"end":{"line":51,"column":68}},"11":{"start":{"line":52,"column":28},"end":{"line":52,"column":41}},"12":{"start":{"line":54,"column":4},"end":{"line":97,"column":5}},"13":{"start":{"line":55,"column":6},"end":{"line":55,"column":32}},"14":{"start":{"line":56,"column":6},"end":{"line":56,"column":31}},"15":{"start":{"line":57,"column":6},"end":{"line":57,"column":13}},"16":{"start":{"line":58,"column":11},"end":{"line":97,"column":5}},"17":{"start":{"line":59,"column":6},"end":{"line":59,"column":32}},"18":{"start":{"line":60,"column":6},"end":{"line":60,"column":31}},"19":{"start":{"line":61,"column":6},"end":{"line":61,"column":13}},"20":{"start":{"line":62,"column":11},"end":{"line":97,"column":5}},"21":{"start":{"line":63,"column":6},"end":{"line":72,"column":7}},"22":{"start":{"line":65,"column":8},"end":{"line":65,"column":33}},"23":{"start":{"line":68,"column":8},"end":{"line":68,"column":33}},"24":{"start":{"line":69,"column":8},"end":{"line":69,"column":50}},"25":{"start":{"line":70,"column":8},"end":{"line":70,"column":36}},"26":{"start":{"line":71,"column":8},"end":{"line":71,"column":33}},"27":{"start":{"line":74,"column":6},"end":{"line":74,"column":40}},"28":{"start":{"line":75,"column":11},"end":{"line":97,"column":5}},"29":{"start":{"line":76,"column":6},"end":{"line":95,"column":7}},"30":{"start":{"line":78,"column":8},"end":{"line":78,"column":50}},"31":{"start":{"line":79,"column":8},"end":{"line":79,"column":33}},"32":{"start":{"line":80,"column":8},"end":{"line":80,"column":36}},"33":{"start":{"line":81,"column":8},"end":{"line":81,"column":15}},"34":{"start":{"line":84,"column":29},"end":{"line":84,"column":39}},"35":{"start":{"line":85,"column":8},"end":{"line":85,"column":28}},"36":{"start":{"line":87,"column":8},"end":{"line":94,"column":9}},"37":{"start":{"line":88,"column":39},"end":{"line":88,"column":63}},"38":{"start":{"line":89,"column":40},"end":{"line":89,"column":79}},"39":{"start":{"line":90,"column":10},"end":{"line":93,"column":11}},"40":{"start":{"line":91,"column":12},"end":{"line":91,"column":46}},"41":{"start":{"line":92,"column":12},"end":{"line":92,"column":38}},"42":{"start":{"line":96,"column":6},"end":{"line":96,"column":40}},"43":{"start":{"line":99,"column":4},"end":{"line":99,"column":30}},"44":{"start":{"line":101,"column":2},"end":{"line":101,"column":62}},"45":{"start":{"line":104,"column":33},"end":{"line":218,"column":1}},"46":{"start":{"line":115,"column":27},"end":{"line":115,"column":41}},"47":{"start":{"line":124,"column":31},"end":{"line":124,"column":33}},"48":{"start":{"line":126,"column":2},"end":{"line":216,"column":3}},"49":{"start":{"line":127,"column":4},"end":{"line":127,"column":61}},"50":{"start":{"line":128,"column":27},"end":{"line":128,"column":38}},"51":{"start":{"line":131,"column":4},"end":{"line":214,"column":5}},"52":{"start":{"line":132,"column":6},"end":{"line":132,"column":42}},"53":{"start":{"line":133,"column":6},"end":{"line":133,"column":62}},"54":{"start":{"line":134,"column":6},"end":{"line":134,"column":74}},"55":{"start":{"line":135,"column":6},"end":{"line":135,"column":53}},"56":{"start":{"line":138,"column":6},"end":{"line":143,"column":7}},"57":{"start":{"line":139,"column":8},"end":{"line":139,"column":76}},"58":{"start":{"line":140,"column":8},"end":{"line":140,"column":50}},"59":{"start":{"line":142,"column":8},"end":{"line":142,"column":37}},"60":{"start":{"line":144,"column":11},"end":{"line":214,"column":5}},"61":{"start":{"line":146,"column":6},"end":{"line":146,"column":62}},"62":{"start":{"line":147,"column":6},"end":{"line":147,"column":19}},"63":{"start":{"line":148,"column":6},"end":{"line":148,"column":62}},"64":{"start":{"line":149,"column":6},"end":{"line":149,"column":22}},"65":{"start":{"line":150,"column":6},"end":{"line":150,"column":66}},"66":{"start":{"line":153,"column":28},"end":{"line":153,"column":44}},"67":{"start":{"line":154,"column":6},"end":{"line":213,"column":7}},"68":{"start":{"line":155,"column":8},"end":{"line":170,"column":9}},"69":{"start":{"line":156,"column":10},"end":{"line":156,"column":23}},"70":{"start":{"line":157,"column":10},"end":{"line":157,"column":66}},"71":{"start":{"line":158,"column":10},"end":{"line":158,"column":66}},"72":{"start":{"line":159,"column":10},"end":{"line":159,"column":52}},"73":{"start":{"line":160,"column":15},"end":{"line":170,"column":9}},"74":{"start":{"line":161,"column":10},"end":{"line":161,"column":66}},"75":{"start":{"line":162,"column":10},"end":{"line":162,"column":23}},"76":{"start":{"line":163,"column":10},"end":{"line":163,"column":23}},"77":{"start":{"line":164,"column":10},"end":{"line":164,"column":26}},"78":{"start":{"line":166,"column":10},"end":{"line":166,"column":66}},"79":{"start":{"line":167,"column":10},"end":{"line":167,"column":66}},"80":{"start":{"line":168,"column":10},"end":{"line":168,"column":66}},"81":{"start":{"line":169,"column":10},"end":{"line":169,"column":26}},"82":{"start":{"line":171,"column":8},"end":{"line":171,"column":73}},"83":{"start":{"line":173,"column":13},"end":{"line":213,"column":7}},"84":{"start":{"line":174,"column":8},"end":{"line":206,"column":9}},"85":{"start":{"line":175,"column":10},"end":{"line":175,"column":66}},"86":{"start":{"line":176,"column":10},"end":{"line":176,"column":23}},"87":{"start":{"line":177,"column":10},"end":{"line":180,"column":51}},"88":{"start":{"line":181,"column":15},"end":{"line":206,"column":9}},"89":{"start":{"line":182,"column":10},"end":{"line":185,"column":12}},"90":{"start":{"line":186,"column":10},"end":{"line":186,"column":66}},"91":{"start":{"line":187,"column":10},"end":{"line":187,"column":66}},"92":{"start":{"line":188,"column":15},"end":{"line":206,"column":9}},"93":{"start":{"line":194,"column":10},"end":{"line":194,"column":59}},"94":{"start":{"line":195,"column":10},"end":{"line":195,"column":61}},"95":{"start":{"line":196,"column":10},"end":{"line":196,"column":66}},"96":{"start":{"line":197,"column":10},"end":{"line":197,"column":65}},"97":{"start":{"line":199,"column":10},"end":{"line":199,"column":66}},"98":{"start":{"line":200,"column":10},"end":{"line":200,"column":66}},"99":{"start":{"line":202,"column":10},"end":{"line":205,"column":51}},"100":{"start":{"line":207,"column":8},"end":{"line":207,"column":51}},"101":{"start":{"line":209,"column":13},"end":{"line":213,"column":7}},"102":{"start":{"line":210,"column":8},"end":{"line":210,"column":56}},"103":{"start":{"line":211,"column":8},"end":{"line":211,"column":60}},"104":{"start":{"line":215,"column":4},"end":{"line":215,"column":33}},"105":{"start":{"line":217,"column":2},"end":{"line":217,"column":20}},"106":{"start":{"line":220,"column":33},"end":{"line":240,"column":1}},"107":{"start":{"line":232,"column":31},"end":{"line":232,"column":33}},"108":{"start":{"line":233,"column":2},"end":{"line":237,"column":3}},"109":{"start":{"line":234,"column":4},"end":{"line":235,"column":77}},"110":{"start":{"line":236,"column":4},"end":{"line":236,"column":40}},"111":{"start":{"line":239,"column":2},"end":{"line":239,"column":20}},"112":{"start":{"line":242,"column":30},"end":{"line":263,"column":1}},"113":{"start":{"line":249,"column":4},"end":{"line":249,"column":27}},"114":{"start":{"line":250,"column":31},"end":{"line":253,"column":3}},"115":{"start":{"line":254,"column":31},"end":{"line":254,"column":57}},"116":{"start":{"line":255,"column":31},"end":{"line":255,"column":57}},"117":{"start":{"line":256,"column":15},"end":{"line":256,"column":17}},"118":{"start":{"line":258,"column":2},"end":{"line":260,"column":5}},"119":{"start":{"line":259,"column":4},"end":{"line":259,"column":32}},"120":{"start":{"line":262,"column":2},"end":{"line":262,"column":16}}},"fnMap":{"0":{"name":"(anonymous_0)","decl":{"start":{"line":14,"column":31},"end":{"line":14,"column":32}},"loc":{"start":{"line":14,"column":53},"end":{"line":102,"column":1}},"line":14},"1":{"name":"(anonymous_1)","decl":{"start":{"line":50,"column":17},"end":{"line":50,"column":18}},"loc":{"start":{"line":50,"column":36},"end":{"line":100,"column":3}},"line":50},"2":{"name":"(anonymous_2)","decl":{"start":{"line":51,"column":55},"end":{"line":51,"column":56}},"loc":{"start":{"line":51,"column":60},"end":{"line":51,"column":68}},"line":51},"3":{"name":"(anonymous_3)","decl":{"start":{"line":104,"column":33},"end":{"line":104,"column":34}},"loc":{"start":{"line":104,"column":56},"end":{"line":218,"column":1}},"line":104},"4":{"name":"(anonymous_4)","decl":{"start":{"line":220,"column":33},"end":{"line":220,"column":34}},"loc":{"start":{"line":220,"column":56},"end":{"line":240,"column":1}},"line":220},"5":{"name":"(anonymous_5)","decl":{"start":{"line":242,"column":30},"end":{"line":242,"column":31}},"loc":{"start":{"line":242,"column":52},"end":{"line":263,"column":1}},"line":242},"6":{"name":"(anonymous_6)","decl":{"start":{"line":258,"column":48},"end":{"line":258,"column":49}},"loc":{"start":{"line":258,"column":62},"end":{"line":260,"column":3}},"line":258}},"branchMap":{"0":{"loc":{"start":{"line":54,"column":4},"end":{"line":97,"column":5}},"type":"if","locations":[{"start":{"line":54,"column":4},"end":{"line":97,"column":5}},{"start":{"line":58,"column":11},"end":{"line":97,"column":5}}],"line":54},"1":{"loc":{"start":{"line":58,"column":11},"end":{"line":97,"column":5}},"type":"if","locations":[{"start":{"line":58,"column":11},"end":{"line":97,"column":5}},{"start":{"line":62,"column":11},"end":{"line":97,"column":5}}],"line":58},"2":{"loc":{"start":{"line":62,"column":11},"end":{"line":97,"column":5}},"type":"if","locations":[{"start":{"line":62,"column":11},"end":{"line":97,"column":5}},{"start":{"line":75,"column":11},"end":{"line":97,"column":5}}],"line":62},"3":{"loc":{"start":{"line":63,"column":6},"end":{"line":72,"column":7}},"type":"if","locations":[{"start":{"line":63,"column":6},"end":{"line":72,"column":7}},{"start":{"line":66,"column":13},"end":{"line":72,"column":7}}],"line":63},"4":{"loc":{"start":{"line":75,"column":11},"end":{"line":97,"column":5}},"type":"if","locations":[{"start":{"line":75,"column":11},"end":{"line":97,"column":5}},{"start":{},"end":{}}],"line":75},"5":{"loc":{"start":{"line":76,"column":6},"end":{"line":95,"column":7}},"type":"if","locations":[{"start":{"line":76,"column":6},"end":{"line":95,"column":7}},{"start":{"line":82,"column":13},"end":{"line":95,"column":7}}],"line":76},"6":{"loc":{"start":{"line":87,"column":8},"end":{"line":94,"column":9}},"type":"if","locations":[{"start":{"line":87,"column":8},"end":{"line":94,"column":9}},{"start":{},"end":{}}],"line":87},"7":{"loc":{"start":{"line":90,"column":10},"end":{"line":93,"column":11}},"type":"if","locations":[{"start":{"line":90,"column":10},"end":{"line":93,"column":11}},{"start":{},"end":{}}],"line":90},"8":{"loc":{"start":{"line":131,"column":4},"end":{"line":214,"column":5}},"type":"if","locations":[{"start":{"line":131,"column":4},"end":{"line":214,"column":5}},{"start":{"line":144,"column":11},"end":{"line":214,"column":5}}],"line":131},"9":{"loc":{"start":{"line":138,"column":6},"end":{"line":143,"column":7}},"type":"if","locations":[{"start":{"line":138,"column":6},"end":{"line":143,"column":7}},{"start":{},"end":{}}],"line":138},"10":{"loc":{"start":{"line":144,"column":11},"end":{"line":214,"column":5}},"type":"if","locations":[{"start":{"line":144,"column":11},"end":{"line":214,"column":5}},{"start":{"line":152,"column":11},"end":{"line":214,"column":5}}],"line":144},"11":{"loc":{"start":{"line":154,"column":6},"end":{"line":213,"column":7}},"type":"if","locations":[{"start":{"line":154,"column":6},"end":{"line":213,"column":7}},{"start":{"line":173,"column":13},"end":{"line":213,"column":7}}],"line":154},"12":{"loc":{"start":{"line":155,"column":8},"end":{"line":170,"column":9}},"type":"if","locations":[{"start":{"line":155,"column":8},"end":{"line":170,"column":9}},{"start":{"line":160,"column":15},"end":{"line":170,"column":9}}],"line":155},"13":{"loc":{"start":{"line":155,"column":12},"end":{"line":155,"column":58}},"type":"binary-expr","locations":[{"start":{"line":155,"column":12},"end":{"line":155,"column":33}},{"start":{"line":155,"column":37},"end":{"line":155,"column":58}}],"line":155},"14":{"loc":{"start":{"line":160,"column":15},"end":{"line":170,"column":9}},"type":"if","locations":[{"start":{"line":160,"column":15},"end":{"line":170,"column":9}},{"start":{"line":165,"column":15},"end":{"line":170,"column":9}}],"line":160},"15":{"loc":{"start":{"line":173,"column":13},"end":{"line":213,"column":7}},"type":"if","locations":[{"start":{"line":173,"column":13},"end":{"line":213,"column":7}},{"start":{"line":209,"column":13},"end":{"line":213,"column":7}}],"line":173},"16":{"loc":{"start":{"line":174,"column":8},"end":{"line":206,"column":9}},"type":"if","locations":[{"start":{"line":174,"column":8},"end":{"line":206,"column":9}},{"start":{"line":181,"column":15},"end":{"line":206,"column":9}}],"line":174},"17":{"loc":{"start":{"line":178,"column":12},"end":{"line":180,"column":50}},"type":"cond-expr","locations":[{"start":{"line":179,"column":16},"end":{"line":179,"column":65}},{"start":{"line":180,"column":16},"end":{"line":180,"column":50}}],"line":178},"18":{"loc":{"start":{"line":181,"column":15},"end":{"line":206,"column":9}},"type":"if","locations":[{"start":{"line":181,"column":15},"end":{"line":206,"column":9}},{"start":{"line":188,"column":15},"end":{"line":206,"column":9}}],"line":181},"19":{"loc":{"start":{"line":181,"column":19},"end":{"line":181,"column":65}},"type":"binary-expr","locations":[{"start":{"line":181,"column":19},"end":{"line":181,"column":40}},{"start":{"line":181,"column":44},"end":{"line":181,"column":65}}],"line":181},"20":{"loc":{"start":{"line":188,"column":15},"end":{"line":206,"column":9}},"type":"if","locations":[{"start":{"line":188,"column":15},"end":{"line":206,"column":9}},{"start":{"line":198,"column":15},"end":{"line":206,"column":9}}],"line":188},"21":{"loc":{"start":{"line":189,"column":10},"end":{"line":192,"column":30}},"type":"binary-expr","locations":[{"start":{"line":189,"column":10},"end":{"line":189,"column":30}},{"start":{"line":190,"column":10},"end":{"line":190,"column":31}},{"start":{"line":191,"column":10},"end":{"line":191,"column":30}},{"start":{"line":192,"column":10},"end":{"line":192,"column":30}}],"line":189},"22":{"loc":{"start":{"line":203,"column":12},"end":{"line":205,"column":50}},"type":"cond-expr","locations":[{"start":{"line":204,"column":16},"end":{"line":204,"column":65}},{"start":{"line":205,"column":16},"end":{"line":205,"column":50}}],"line":203},"23":{"loc":{"start":{"line":209,"column":13},"end":{"line":213,"column":7}},"type":"if","locations":[{"start":{"line":209,"column":13},"end":{"line":213,"column":7}},{"start":{},"end":{}}],"line":209},"24":{"loc":{"start":{"line":235,"column":6},"end":{"line":235,"column":76}},"type":"cond-expr","locations":[{"start":{"line":235,"column":34},"end":{"line":235,"column":61}},{"start":{"line":235,"column":64},"end":{"line":235,"column":76}}],"line":235}},"s":{"0":4,"1":10,"2":10,"3":10,"4":10,"5":10,"6":10,"7":10,"8":10,"9":279,"10":736,"11":279,"12":279,"13":10,"14":10,"15":10,"16":269,"17":10,"18":10,"19":10,"20":259,"21":28,"22":3,"23":25,"24":25,"25":25,"26":25,"27":28,"28":231,"29":231,"30":41,"31":41,"32":41,"33":41,"34":190,"35":190,"36":190,"37":15,"38":15,"39":15,"40":8,"41":8,"42":190,"43":218,"44":10,"45":4,"46":8,"47":8,"48":8,"49":148,"50":148,"51":148,"52":11,"53":11,"54":11,"55":11,"56":11,"57":6,"58":6,"59":6,"60":137,"61":1,"62":1,"63":1,"64":1,"65":1,"66":136,"67":136,"68":54,"69":13,"70":13,"71":13,"72":13,"73":41,"74":1,"75":1,"76":1,"77":1,"78":40,"79":40,"80":40,"81":40,"82":54,"83":82,"84":75,"85":3,"86":3,"87":3,"88":72,"89":12,"90":12,"91":12,"92":60,"93":26,"94":26,"95":26,"96":26,"97":34,"98":34,"99":34,"100":75,"101":7,"102":7,"103":7,"104":148,"105":8,"106":4,"107":8,"108":8,"109":22,"110":22,"111":8,"112":4,"113":7,"114":7,"115":7,"116":7,"117":7,"118":7,"119":165,"120":7},"f":{"0":10,"1":279,"2":736,"3":8,"4":8,"5":7,"6":165},"b":{"0":[10,269],"1":[10,259],"2":[28,231],"3":[3,25],"4":[231,0],"5":[41,190],"6":[15,175],"7":[8,7],"8":[11,137],"9":[6,5],"10":[1,136],"11":[54,82],"12":[13,41],"13":[54,46],"14":[1,40],"15":[75,7],"16":[3,72],"17":[2,1],"18":[12,60],"19":[72,68],"20":[26,34],"21":[60,50,46,37],"22":[14,20],"23":[7,0],"24":[11,11]},"_coverageSchema":"1a1c01bbd47fc00a2c39e90264f33305004495a9","hash":"1d8c186ece6b7366410e0e4f2a7d764ed93f02f9"}
,"/Users/minhyeok/Desktop/service-development/simulator/src/utils/constants.ts": {"path":"/Users/minhyeok/Desktop/service-development/simulator/src/utils/constants.ts","statementMap":{"0":{"start":{"line":1,"column":21},"end":{"line":1,"column":22}},"1":{"start":{"line":3,"column":37},"end":{"line":3,"column":41}},"2":{"start":{"line":4,"column":30},"end":{"line":4,"column":40}},"3":{"start":{"line":5,"column":30},"end":{"line":5,"column":40}},"4":{"start":{"line":6,"column":30},"end":{"line":6,"column":31}},"5":{"start":{"line":7,"column":29},"end":{"line":7,"column":31}},"6":{"start":{"line":28,"column":36},"end":{"line":32,"column":1}},"7":{"start":{"line":34,"column":36},"end":{"line":40,"column":1}},"8":{"start":{"line":42,"column":14},"end":{"line":42,"column":55}},"9":{"start":{"line":43,"column":13},"end":{"line":43,"column":55}},"10":{"start":{"line":44,"column":16},"end":{"line":44,"column":60}},"11":{"start":{"line":45,"column":14},"end":{"line":45,"column":54}},"12":{"start":{"line":47,"column":31},"end":{"line":47,"column":60}},"13":{"start":{"line":57,"column":4},"end":{"line":57,"column":21}},"14":{"start":{"line":58,"column":4},"end":{"line":58,"column":17}},"15":{"start":{"line":59,"column":4},"end":{"line":59,"column":21}},"16":{"start":{"line":60,"column":4},"end":{"line":60,"column":23}},"17":{"start":{"line":69,"column":4},"end":{"line":69,"column":19}},"18":{"start":{"line":70,"column":4},"end":{"line":70,"column":21}},"19":{"start":{"line":80,"column":4},"end":{"line":80,"column":17}},"20":{"start":{"line":81,"column":4},"end":{"line":81,"column":17}},"21":{"start":{"line":82,"column":4},"end":{"line":82,"column":19}},"22":{"start":{"line":87,"column":12},"end":{"line":87,"column":53}},"23":{"start":{"line":88,"column":12},"end":{"line":88,"column":53}},"24":{"start":{"line":89,"column":11},"end":{"line":89,"column":51}},"25":{"start":{"line":90,"column":12},"end":{"line":90,"column":53}},"26":{"start":{"line":91,"column":13},"end":{"line":91,"column":55}},"27":{"start":{"line":92,"column":12},"end":{"line":92,"column":53}},"28":{"start":{"line":93,"column":12},"end":{"line":93,"column":53}},"29":{"start":{"line":94,"column":11},"end":{"line":94,"column":51}},"30":{"start":{"line":95,"column":12},"end":{"line":95,"column":53}},"31":{"start":{"line":96,"column":13},"end":{"line":96,"column":55}},"32":{"start":{"line":97,"column":12},"end":{"line":97,"column":53}},"33":{"start":{"line":98,"column":13},"end":{"line":98,"column":55}},"34":{"start":{"line":99,"column":12},"end":{"line":99,"column":47}},"35":{"start":{"line":100,"column":12},"end":{"line":100,"column":47}},"36":{"start":{"line":101,"column":12},"end":{"line":101,"column":47}},"37":{"start":{"line":102,"column":11},"end":{"line":102,"column":45}},"38":{"start":{"line":103,"column":12},"end":{"line":103,"column":47}},"39":{"start":{"line":104,"column":11},"end":{"line":104,"column":45}},"40":{"start":{"line":105,"column":11},"end":{"line":105,"column":45}},"41":{"start":{"line":106,"column":13},"end":{"line":106,"column":49}},"42":{"start":{"line":107,"column":14},"end":{"line":107,"column":51}},"43":{"start":{"line":108,"column":13},"end":{"line":108,"column":49}},"44":{"start":{"line":109,"column":12},"end":{"line":109,"column":47}},"45":{"start":{"line":110,"column":13},"end":{"line":110,"column":49}},"46":{"start":{"line":111,"column":14},"end":{"line":111,"column":51}},"47":{"start":{"line":112,"column":10},"end":{"line":112,"column":43}},"48":{"start":{"line":113,"column":12},"end":{"line":113,"column":47}},"49":{"start":{"line":119,"column":35},"end":{"line":147,"column":1}},"50":{"start":{"line":150,"column":28},"end":{"line":150,"column":41}},"51":{"start":{"line":155,"column":41},"end":{"line":155,"column":43}},"52":{"start":{"line":157,"column":32},"end":{"line":159,"column":1}},"53":{"start":{"line":158,"column":2},"end":{"line":158,"column":20}}},"fnMap":{"0":{"name":"(anonymous_0)","decl":{"start":{"line":56,"column":2},"end":{"line":56,"column":3}},"loc":{"start":{"line":56,"column":69},"end":{"line":61,"column":3}},"line":56},"1":{"name":"(anonymous_1)","decl":{"start":{"line":68,"column":2},"end":{"line":68,"column":3}},"loc":{"start":{"line":68,"column":16},"end":{"line":71,"column":3}},"line":68},"2":{"name":"(anonymous_2)","decl":{"start":{"line":79,"column":2},"end":{"line":79,"column":3}},"loc":{"start":{"line":79,"column":51},"end":{"line":83,"column":3}},"line":79},"3":{"name":"(anonymous_3)","decl":{"start":{"line":157,"column":32},"end":{"line":157,"column":33}},"loc":{"start":{"line":157,"column":38},"end":{"line":159,"column":1}},"line":157}},"branchMap":{},"s":{"0":4,"1":4,"2":4,"3":4,"4":4,"5":4,"6":4,"7":4,"8":4,"9":4,"10":4,"11":4,"12":4,"13":108,"14":108,"15":108,"16":108,"17":283,"18":283,"19":0,"20":0,"21":0,"22":4,"23":4,"24":4,"25":4,"26":4,"27":4,"28":4,"29":4,"30":4,"31":4,"32":4,"33":4,"34":4,"35":4,"36":4,"37":4,"38":4,"39":4,"40":4,"41":4,"42":4,"43":4,"44":4,"45":4,"46":4,"47":4,"48":4,"49":4,"50":4,"51":4,"52":4,"53":21},"f":{"0":108,"1":283,"2":0,"3":21},"b":{},"_coverageSchema":"1a1c01bbd47fc00a2c39e90264f33305004495a9","hash":"7bb3c892343d99d0bf2c765392bbeafd728169ea"}
,"/Users/minhyeok/Desktop/service-development/simulator/src/utils/functions.ts": {"path":"/Users/minhyeok/Desktop/service-development/simulator/src/utils/functions.ts","statementMap":{"0":{"start":{"line":8,"column":2},"end":{"line":13,"column":3}},"1":{"start":{"line":9,"column":4},"end":{"line":9,"column":46}},"2":{"start":{"line":11,"column":4},"end":{"line":11,"column":25}},"3":{"start":{"line":12,"column":4},"end":{"line":12,"column":46}},"4":{"start":{"line":22,"column":2},"end":{"line":22,"column":53}},"5":{"start":{"line":26,"column":2},"end":{"line":26,"column":45}},"6":{"start":{"line":27,"column":2},"end":{"line":29,"column":3}},"7":{"start":{"line":28,"column":4},"end":{"line":28,"column":63}},"8":{"start":{"line":33,"column":2},"end":{"line":33,"column":42}},"9":{"start":{"line":38,"column":31},"end":{"line":38,"column":35}},"10":{"start":{"line":39,"column":2},"end":{"line":51,"column":3}},"11":{"start":{"line":48,"column":4},"end":{"line":48,"column":16}},"12":{"start":{"line":50,"column":4},"end":{"line":50,"column":17}},"13":{"start":{"line":66,"column":32},"end":{"line":66,"column":45}},"14":{"start":{"line":67,"column":32},"end":{"line":71,"column":3}},"15":{"start":{"line":73,"column":2},"end":{"line":93,"column":3}},"16":{"start":{"line":74,"column":4},"end":{"line":74,"column":73}},"17":{"start":{"line":74,"column":48},"end":{"line":74,"column":73}},"18":{"start":{"line":76,"column":26},"end":{"line":76,"column":65}},"19":{"start":{"line":78,"column":4},"end":{"line":78,"column":44}},"20":{"start":{"line":78,"column":24},"end":{"line":78,"column":44}},"21":{"start":{"line":79,"column":4},"end":{"line":79,"column":29}},"22":{"start":{"line":81,"column":4},"end":{"line":91,"column":30}},"23":{"start":{"line":82,"column":6},"end":{"line":85,"column":8}},"24":{"start":{"line":86,"column":11},"end":{"line":91,"column":30}},"25":{"start":{"line":87,"column":6},"end":{"line":90,"column":8}},"26":{"start":{"line":91,"column":11},"end":{"line":91,"column":30}},"27":{"start":{"line":92,"column":4},"end":{"line":92,"column":12}},"28":{"start":{"line":107,"column":32},"end":{"line":107,"column":45}},"29":{"start":{"line":108,"column":32},"end":{"line":112,"column":3}},"30":{"start":{"line":114,"column":2},"end":{"line":134,"column":3}},"31":{"start":{"line":115,"column":4},"end":{"line":115,"column":73}},"32":{"start":{"line":115,"column":48},"end":{"line":115,"column":73}},"33":{"start":{"line":117,"column":26},"end":{"line":117,"column":65}},"34":{"start":{"line":119,"column":4},"end":{"line":119,"column":44}},"35":{"start":{"line":119,"column":24},"end":{"line":119,"column":44}},"36":{"start":{"line":120,"column":4},"end":{"line":120,"column":17}},"37":{"start":{"line":122,"column":4},"end":{"line":132,"column":30}},"38":{"start":{"line":123,"column":6},"end":{"line":126,"column":8}},"39":{"start":{"line":127,"column":11},"end":{"line":132,"column":30}},"40":{"start":{"line":128,"column":6},"end":{"line":131,"column":8}},"41":{"start":{"line":132,"column":11},"end":{"line":132,"column":30}},"42":{"start":{"line":133,"column":4},"end":{"line":133,"column":12}},"43":{"start":{"line":151,"column":32},"end":{"line":151,"column":45}},"44":{"start":{"line":152,"column":33},"end":{"line":156,"column":3}},"45":{"start":{"line":158,"column":2},"end":{"line":178,"column":3}},"46":{"start":{"line":159,"column":4},"end":{"line":165,"column":37}},"47":{"start":{"line":160,"column":6},"end":{"line":164,"column":9}},"48":{"start":{"line":161,"column":8},"end":{"line":163,"column":76}},"49":{"start":{"line":165,"column":11},"end":{"line":165,"column":37}},"50":{"start":{"line":166,"column":23},"end":{"line":166,"column":55}},"51":{"start":{"line":168,"column":4},"end":{"line":170,"column":5}},"52":{"start":{"line":169,"column":6},"end":{"line":169,"column":50}},"53":{"start":{"line":172,"column":4},"end":{"line":172,"column":21}},"54":{"start":{"line":174,"column":4},"end":{"line":176,"column":30}},"55":{"start":{"line":175,"column":6},"end":{"line":175,"column":77}},"56":{"start":{"line":176,"column":11},"end":{"line":176,"column":30}},"57":{"start":{"line":177,"column":4},"end":{"line":177,"column":12}}},"fnMap":{"0":{"name":"numToBits","decl":{"start":{"line":6,"column":16},"end":{"line":6,"column":25}},"loc":{"start":{"line":6,"column":57},"end":{"line":14,"column":1}},"line":6},"1":{"name":"toHexAndPad","decl":{"start":{"line":16,"column":16},"end":{"line":16,"column":27}},"loc":{"start":{"line":16,"column":58},"end":{"line":23,"column":1}},"line":16},"2":{"name":"symbolTableAddEntry","decl":{"start":{"line":25,"column":16},"end":{"line":25,"column":35}},"loc":{"start":{"line":25,"column":61},"end":{"line":30,"column":1}},"line":25},"3":{"name":"log","decl":{"start":{"line":32,"column":16},"end":{"line":32,"column":19}},"loc":{"start":{"line":32,"column":56},"end":{"line":34,"column":1}},"line":32},"4":{"name":"isEmpty","decl":{"start":{"line":37,"column":16},"end":{"line":37,"column":23}},"loc":{"start":{"line":37,"column":67},"end":{"line":52,"column":1}},"line":37},"5":{"name":"makeInput","decl":{"start":{"line":55,"column":16},"end":{"line":55,"column":25}},"loc":{"start":{"line":58,"column":12},"end":{"line":94,"column":1}},"line":58},"6":{"name":"makeOutput","decl":{"start":{"line":96,"column":16},"end":{"line":96,"column":26}},"loc":{"start":{"line":99,"column":10},"end":{"line":135,"column":1}},"line":99},"7":{"name":"makeObjectFile","decl":{"start":{"line":138,"column":16},"end":{"line":138,"column":30}},"loc":{"start":{"line":142,"column":2},"end":{"line":179,"column":1}},"line":142},"8":{"name":"(anonymous_8)","decl":{"start":{"line":160,"column":32},"end":{"line":160,"column":33}},"loc":{"start":{"line":160,"column":39},"end":{"line":164,"column":7}},"line":160}},"branchMap":{"0":{"loc":{"start":{"line":6,"column":39},"end":{"line":6,"column":47}},"type":"default-arg","locations":[{"start":{"line":6,"column":45},"end":{"line":6,"column":47}}],"line":6},"1":{"loc":{"start":{"line":8,"column":2},"end":{"line":13,"column":3}},"type":"if","locations":[{"start":{"line":8,"column":2},"end":{"line":13,"column":3}},{"start":{"line":10,"column":9},"end":{"line":13,"column":3}}],"line":8},"2":{"loc":{"start":{"line":16,"column":41},"end":{"line":16,"column":48}},"type":"default-arg","locations":[{"start":{"line":16,"column":47},"end":{"line":16,"column":48}}],"line":16},"3":{"loc":{"start":{"line":27,"column":2},"end":{"line":29,"column":3}},"type":"if","locations":[{"start":{"line":27,"column":2},"end":{"line":29,"column":3}},{"start":{},"end":{}}],"line":27},"4":{"loc":{"start":{"line":39,"column":2},"end":{"line":51,"column":3}},"type":"if","locations":[{"start":{"line":39,"column":2},"end":{"line":51,"column":3}},{"start":{"line":49,"column":9},"end":{"line":51,"column":3}}],"line":39},"5":{"loc":{"start":{"line":40,"column":4},"end":{"line":46,"column":24}},"type":"binary-expr","locations":[{"start":{"line":40,"column":4},"end":{"line":40,"column":16}},{"start":{"line":41,"column":4},"end":{"line":41,"column":18}},{"start":{"line":42,"column":4},"end":{"line":42,"column":23}},{"start":{"line":43,"column":5},"end":{"line":43,"column":19}},{"start":{"line":44,"column":6},"end":{"line":44,"column":31}},{"start":{"line":45,"column":6},"end":{"line":45,"column":32}},{"start":{"line":46,"column":4},"end":{"line":46,"column":24}}],"line":40},"6":{"loc":{"start":{"line":74,"column":4},"end":{"line":74,"column":73}},"type":"if","locations":[{"start":{"line":74,"column":4},"end":{"line":74,"column":73}},{"start":{},"end":{}}],"line":74},"7":{"loc":{"start":{"line":78,"column":4},"end":{"line":78,"column":44}},"type":"if","locations":[{"start":{"line":78,"column":4},"end":{"line":78,"column":44}},{"start":{},"end":{}}],"line":78},"8":{"loc":{"start":{"line":81,"column":4},"end":{"line":91,"column":30}},"type":"if","locations":[{"start":{"line":81,"column":4},"end":{"line":91,"column":30}},{"start":{"line":86,"column":11},"end":{"line":91,"column":30}}],"line":81},"9":{"loc":{"start":{"line":86,"column":11},"end":{"line":91,"column":30}},"type":"if","locations":[{"start":{"line":86,"column":11},"end":{"line":91,"column":30}},{"start":{"line":91,"column":11},"end":{"line":91,"column":30}}],"line":86},"10":{"loc":{"start":{"line":115,"column":4},"end":{"line":115,"column":73}},"type":"if","locations":[{"start":{"line":115,"column":4},"end":{"line":115,"column":73}},{"start":{},"end":{}}],"line":115},"11":{"loc":{"start":{"line":119,"column":4},"end":{"line":119,"column":44}},"type":"if","locations":[{"start":{"line":119,"column":4},"end":{"line":119,"column":44}},{"start":{},"end":{}}],"line":119},"12":{"loc":{"start":{"line":122,"column":4},"end":{"line":132,"column":30}},"type":"if","locations":[{"start":{"line":122,"column":4},"end":{"line":132,"column":30}},{"start":{"line":127,"column":11},"end":{"line":132,"column":30}}],"line":122},"13":{"loc":{"start":{"line":127,"column":11},"end":{"line":132,"column":30}},"type":"if","locations":[{"start":{"line":127,"column":11},"end":{"line":132,"column":30}},{"start":{"line":132,"column":11},"end":{"line":132,"column":30}}],"line":127},"14":{"loc":{"start":{"line":159,"column":4},"end":{"line":165,"column":37}},"type":"if","locations":[{"start":{"line":159,"column":4},"end":{"line":165,"column":37}},{"start":{"line":165,"column":11},"end":{"line":165,"column":37}}],"line":159},"15":{"loc":{"start":{"line":161,"column":8},"end":{"line":163,"column":75}},"type":"cond-expr","locations":[{"start":{"line":162,"column":12},"end":{"line":162,"column":30}},{"start":{"line":163,"column":12},"end":{"line":163,"column":75}}],"line":161},"16":{"loc":{"start":{"line":174,"column":4},"end":{"line":176,"column":30}},"type":"if","locations":[{"start":{"line":174,"column":4},"end":{"line":176,"column":30}},{"start":{"line":176,"column":11},"end":{"line":176,"column":30}}],"line":174}},"s":{"0":455,"1":444,"2":11,"3":11,"4":15,"5":66,"6":66,"7":0,"8":0,"9":14,"10":14,"11":0,"12":14,"13":7,"14":7,"15":7,"16":7,"17":0,"18":7,"19":7,"20":0,"21":7,"22":0,"23":0,"24":0,"25":0,"26":0,"27":0,"28":7,"29":7,"30":7,"31":7,"32":0,"33":7,"34":7,"35":0,"36":7,"37":0,"38":0,"39":0,"40":0,"41":0,"42":0,"43":0,"44":0,"45":0,"46":0,"47":0,"48":0,"49":0,"50":0,"51":0,"52":0,"53":0,"54":0,"55":0,"56":0,"57":0},"f":{"0":455,"1":15,"2":66,"3":0,"4":14,"5":7,"6":7,"7":0,"8":0},"b":{"0":[22],"1":[444,11],"2":[15],"3":[0,66],"4":[0,14],"5":[14,14,14,14,14,0,14],"6":[0,7],"7":[0,7],"8":[0,0],"9":[0,0],"10":[0,7],"11":[0,7],"12":[0,0],"13":[0,0],"14":[0,0],"15":[0,0],"16":[0,0]},"_coverageSchema":"1a1c01bbd47fc00a2c39e90264f33305004495a9","hash":"dc1bb2bac2c1f7f391713f18f1b9adddaaaf4c59"}
}
