TN:
SF:main.ts
FN:3,assemble
FNF:1
FNH:1
FNDA:7,assemble
DA:4,7
DA:5,7
LF:2
LH:2
BRF:0
BRH:0
end_of_record
TN:
SF:src/simulator/assembler.ts
FN:14,(anonymous_0)
FN:50,(anonymous_1)
FN:51,(anonymous_2)
FN:104,(anonymous_3)
FN:220,(anonymous_4)
FN:242,(anonymous_5)
FN:258,(anonymous_6)
FNF:7
FNH:7
FNDA:10,(anonymous_0)
FNDA:279,(anonymous_1)
FNDA:736,(anonymous_2)
FNDA:8,(anonymous_3)
FNDA:8,(anonymous_4)
FNDA:7,(anonymous_5)
FNDA:165,(anonymous_6)
DA:14,4
DA:41,10
DA:42,10
DA:43,10
DA:45,10
DA:46,10
DA:48,10
DA:49,10
DA:50,10
DA:51,736
DA:52,279
DA:54,279
DA:55,10
DA:56,10
DA:57,10
DA:58,269
DA:59,10
DA:60,10
DA:61,10
DA:62,259
DA:63,28
DA:65,3
DA:68,25
DA:69,25
DA:70,25
DA:71,25
DA:74,28
DA:75,231
DA:76,231
DA:78,41
DA:79,41
DA:80,41
DA:81,41
DA:84,190
DA:85,190
DA:87,190
DA:88,15
DA:89,15
DA:90,15
DA:91,8
DA:92,8
DA:96,190
DA:99,218
DA:101,10
DA:104,4
DA:115,8
DA:124,8
DA:126,8
DA:127,148
DA:128,148
DA:131,148
DA:132,11
DA:133,11
DA:134,11
DA:135,11
DA:138,11
DA:139,6
DA:140,6
DA:142,6
DA:144,137
DA:146,1
DA:147,1
DA:148,1
DA:149,1
DA:150,1
DA:153,136
DA:154,136
DA:155,54
DA:156,13
DA:157,13
DA:158,13
DA:159,13
DA:160,41
DA:161,1
DA:162,1
DA:163,1
DA:164,1
DA:166,40
DA:167,40
DA:168,40
DA:169,40
DA:171,54
DA:173,82
DA:174,75
DA:175,3
DA:176,3
DA:177,3
DA:181,72
DA:182,12
DA:186,12
DA:187,12
DA:188,60
DA:194,26
DA:195,26
DA:196,26
DA:197,26
DA:199,34
DA:200,34
DA:202,34
DA:207,75
DA:209,7
DA:210,7
DA:211,7
DA:215,148
DA:217,8
DA:220,4
DA:232,8
DA:233,8
DA:234,22
DA:236,22
DA:239,8
DA:242,4
DA:249,7
DA:250,7
DA:254,7
DA:255,7
DA:256,7
DA:258,7
DA:259,165
DA:262,7
LF:120
LH:120
BRDA:54,0,0,10
BRDA:54,0,1,269
BRDA:58,1,0,10
BRDA:58,1,1,259
BRDA:62,2,0,28
BRDA:62,2,1,231
BRDA:63,3,0,3
BRDA:63,3,1,25
BRDA:75,4,0,231
BRDA:75,4,1,0
BRDA:76,5,0,41
BRDA:76,5,1,190
BRDA:87,6,0,15
BRDA:87,6,1,175
BRDA:90,7,0,8
BRDA:90,7,1,7
BRDA:131,8,0,11
BRDA:131,8,1,137
BRDA:138,9,0,6
BRDA:138,9,1,5
BRDA:144,10,0,1
BRDA:144,10,1,136
BRDA:154,11,0,54
BRDA:154,11,1,82
BRDA:155,12,0,13
BRDA:155,12,1,41
BRDA:155,13,0,54
BRDA:155,13,1,46
BRDA:160,14,0,1
BRDA:160,14,1,40
BRDA:173,15,0,75
BRDA:173,15,1,7
BRDA:174,16,0,3
BRDA:174,16,1,72
BRDA:178,17,0,2
BRDA:178,17,1,1
BRDA:181,18,0,12
BRDA:181,18,1,60
BRDA:181,19,0,72
BRDA:181,19,1,68
BRDA:188,20,0,26
BRDA:188,20,1,34
BRDA:189,21,0,60
BRDA:189,21,1,50
BRDA:189,21,2,46
BRDA:189,21,3,37
BRDA:203,22,0,14
BRDA:203,22,1,20
BRDA:209,23,0,7
BRDA:209,23,1,0
BRDA:235,24,0,11
BRDA:235,24,1,11
BRF:52
BRH:50
end_of_record
TN:
SF:src/utils/constants.ts
FN:56,(anonymous_0)
FN:68,(anonymous_1)
FN:79,(anonymous_2)
FN:157,(anonymous_3)
FNF:4
FNH:3
FNDA:108,(anonymous_0)
FNDA:283,(anonymous_1)
FNDA:0,(anonymous_2)
FNDA:21,(anonymous_3)
DA:1,4
DA:3,4
DA:4,4
DA:5,4
DA:6,4
DA:7,4
DA:28,4
DA:34,4
DA:42,4
DA:43,4
DA:44,4
DA:45,4
DA:47,4
DA:57,108
DA:58,108
DA:59,108
DA:60,108
DA:69,283
DA:70,283
DA:80,0
DA:81,0
DA:82,0
DA:87,4
DA:88,4
DA:89,4
DA:90,4
DA:91,4
DA:92,4
DA:93,4
DA:94,4
DA:95,4
DA:96,4
DA:97,4
DA:98,4
DA:99,4
DA:100,4
DA:101,4
DA:102,4
DA:103,4
DA:104,4
DA:105,4
DA:106,4
DA:107,4
DA:108,4
DA:109,4
DA:110,4
DA:111,4
DA:112,4
DA:113,4
DA:119,4
DA:150,4
DA:155,4
DA:157,4
DA:158,21
LF:54
LH:51
BRF:0
BRH:0
end_of_record
TN:
SF:src/utils/functions.ts
FN:6,numToBits
FN:16,toHexAndPad
FN:25,symbolTableAddEntry
FN:32,log
FN:37,isEmpty
FN:55,makeInput
FN:96,makeOutput
FN:138,makeObjectFile
FN:160,(anonymous_8)
FNF:9
FNH:6
FNDA:455,numToBits
FNDA:15,toHexAndPad
FNDA:66,symbolTableAddEntry
FNDA:0,log
FNDA:14,isEmpty
FNDA:7,makeInput
FNDA:7,makeOutput
FNDA:0,makeObjectFile
FNDA:0,(anonymous_8)
DA:8,455
DA:9,444
DA:11,11
DA:12,11
DA:22,15
DA:26,66
DA:27,66
DA:28,0
DA:33,0
DA:38,14
DA:39,14
DA:48,0
DA:50,14
DA:66,7
DA:67,7
DA:73,7
DA:74,7
DA:76,7
DA:78,7
DA:79,7
DA:81,0
DA:82,0
DA:86,0
DA:87,0
DA:91,0
DA:92,0
DA:107,7
DA:108,7
DA:114,7
DA:115,7
DA:117,7
DA:119,7
DA:120,7
DA:122,0
DA:123,0
DA:127,0
DA:128,0
DA:132,0
DA:133,0
DA:151,0
DA:152,0
DA:158,0
DA:159,0
DA:160,0
DA:161,0
DA:165,0
DA:166,0
DA:168,0
DA:169,0
DA:172,0
DA:174,0
DA:175,0
DA:176,0
DA:177,0
LF:54
LH:24
BRDA:6,0,0,22
BRDA:8,1,0,444
BRDA:8,1,1,11
BRDA:16,2,0,15
BRDA:27,3,0,0
BRDA:27,3,1,66
BRDA:39,4,0,0
BRDA:39,4,1,14
BRDA:40,5,0,14
BRDA:40,5,1,14
BRDA:40,5,2,14
BRDA:40,5,3,14
BRDA:40,5,4,14
BRDA:40,5,5,0
BRDA:40,5,6,14
BRDA:74,6,0,0
BRDA:74,6,1,7
BRDA:78,7,0,0
BRDA:78,7,1,7
BRDA:81,8,0,0
BRDA:81,8,1,0
BRDA:86,9,0,0
BRDA:86,9,1,0
BRDA:115,10,0,0
BRDA:115,10,1,7
BRDA:119,11,0,0
BRDA:119,11,1,7
BRDA:122,12,0,0
BRDA:122,12,1,0
BRDA:127,13,0,0
BRDA:127,13,1,0
BRDA:159,14,0,0
BRDA:159,14,1,0
BRDA:161,15,0,0
BRDA:161,15,1,0
BRDA:174,16,0,0
BRDA:174,16,1,0
BRF:37
BRH:16
end_of_record
