TN:
SF:main.ts
FN:3,assemble
FNF:1
FNH:1
FNDA:7,assemble
DA:4,7
DA:5,7
LF:2
LH:2
BRF:0
BRH:0
end_of_record
TN:
SF:dist/main.js
FN:5,assemble
FNF:1
FNH:1
FNDA:7,assemble
DA:2,1
DA:3,1
DA:4,1
DA:6,7
DA:7,7
DA:9,1
LF:6
LH:6
BRF:0
BRH:0
end_of_record
TN:
SF:dist/src/simulator/assembler.js
FN:6,(anonymous_0)
FN:40,(anonymous_1)
FN:41,(anonymous_2)
FN:95,(anonymous_3)
FN:211,(anonymous_4)
FN:233,(anonymous_5)
FN:247,(anonymous_6)
FNF:7
FNH:7
FNDA:10,(anonymous_0)
FNDA:279,(anonymous_1)
FNDA:736,(anonymous_2)
FNDA:8,(anonymous_3)
FNDA:8,(anonymous_4)
FNDA:7,(anonymous_5)
FNDA:165,(anonymous_6)
DA:2,4
DA:3,4
DA:4,4
DA:5,4
DA:6,4
DA:33,10
DA:34,10
DA:35,10
DA:36,10
DA:37,10
DA:38,10
DA:39,10
DA:40,10
DA:41,736
DA:42,279
DA:43,279
DA:44,10
DA:45,10
DA:46,10
DA:48,269
DA:49,10
DA:50,10
DA:51,10
DA:53,259
DA:54,28
DA:56,3
DA:60,25
DA:61,25
DA:62,25
DA:63,25
DA:65,28
DA:67,231
DA:68,231
DA:70,41
DA:71,41
DA:72,41
DA:73,41
DA:77,190
DA:78,190
DA:79,190
DA:80,15
DA:81,15
DA:82,15
DA:83,8
DA:84,8
DA:88,190
DA:90,218
DA:92,10
DA:94,4
DA:95,4
DA:105,8
DA:114,8
DA:115,8
DA:116,148
DA:117,148
DA:118,148
DA:120,148
DA:121,11
DA:122,11
DA:123,11
DA:124,11
DA:126,11
DA:127,6
DA:128,6
DA:130,6
DA:133,137
DA:135,1
DA:136,1
DA:137,1
DA:138,1
DA:139,1
DA:143,136
DA:144,136
DA:145,54
DA:146,13
DA:147,13
DA:148,13
DA:149,13
DA:151,41
DA:152,1
DA:153,1
DA:154,1
DA:155,1
DA:158,40
DA:159,40
DA:160,40
DA:161,40
DA:163,54
DA:166,82
DA:167,75
DA:168,3
DA:169,3
DA:170,3
DA:175,72
DA:176,12
DA:177,12
DA:178,12
DA:180,60
DA:184,26
DA:185,26
DA:186,26
DA:187,26
DA:190,34
DA:191,34
DA:192,34
DA:197,75
DA:200,7
DA:201,7
DA:202,7
DA:206,148
DA:208,8
DA:210,4
DA:211,4
DA:222,8
DA:223,8
DA:224,22
DA:225,22
DA:227,22
DA:230,8
DA:232,4
DA:233,4
DA:239,7
DA:240,7
DA:244,7
DA:245,7
DA:246,7
DA:247,7
DA:248,165
DA:250,7
DA:252,4
LF:130
LH:130
BRDA:43,0,0,10
BRDA:43,0,1,269
BRDA:48,1,0,10
BRDA:48,1,1,259
BRDA:53,2,0,28
BRDA:53,2,1,231
BRDA:54,3,0,3
BRDA:54,3,1,25
BRDA:67,4,0,231
BRDA:67,4,1,0
BRDA:68,5,0,41
BRDA:68,5,1,190
BRDA:79,6,0,15
BRDA:79,6,1,175
BRDA:82,7,0,8
BRDA:82,7,1,7
BRDA:120,8,0,11
BRDA:120,8,1,137
BRDA:126,9,0,6
BRDA:126,9,1,5
BRDA:133,10,0,1
BRDA:133,10,1,136
BRDA:144,11,0,54
BRDA:144,11,1,82
BRDA:145,12,0,13
BRDA:145,12,1,41
BRDA:145,13,0,54
BRDA:145,13,1,46
BRDA:151,14,0,1
BRDA:151,14,1,40
BRDA:166,15,0,75
BRDA:166,15,1,7
BRDA:167,16,0,3
BRDA:167,16,1,72
BRDA:171,17,0,2
BRDA:171,17,1,1
BRDA:175,18,0,12
BRDA:175,18,1,60
BRDA:175,19,0,72
BRDA:175,19,1,68
BRDA:180,20,0,26
BRDA:180,20,1,34
BRDA:180,21,0,60
BRDA:180,21,1,50
BRDA:180,21,2,46
BRDA:180,21,3,37
BRDA:193,22,0,14
BRDA:193,22,1,20
BRDA:200,23,0,7
BRDA:200,23,1,0
BRDA:226,24,0,11
BRDA:226,24,1,11
BRF:52
BRH:50
end_of_record
TN:
SF:dist/src/utils/constants.js
FN:28,(anonymous_0)
FN:29,instT
FN:38,(anonymous_2)
FN:39,symbolT
FN:46,(anonymous_4)
FN:47,laStruct
FN:115,(anonymous_6)
FNF:7
FNH:6
FNDA:4,(anonymous_0)
FNDA:108,instT
FNDA:4,(anonymous_2)
FNDA:283,symbolT
FNDA:4,(anonymous_4)
FNDA:0,laStruct
FNDA:21,(anonymous_6)
DA:2,4
DA:3,4
DA:4,4
DA:5,4
DA:6,4
DA:7,4
DA:8,4
DA:9,4
DA:10,4
DA:15,4
DA:22,4
DA:23,4
DA:24,4
DA:25,4
DA:26,4
DA:28,4
DA:30,108
DA:31,108
DA:32,108
DA:33,108
DA:35,4
DA:37,4
DA:38,4
DA:40,283
DA:41,283
DA:43,4
DA:45,4
DA:46,4
DA:48,0
DA:49,0
DA:50,0
DA:52,4
DA:54,4
DA:56,4
DA:57,4
DA:58,4
DA:59,4
DA:60,4
DA:61,4
DA:62,4
DA:63,4
DA:64,4
DA:65,4
DA:66,4
DA:67,4
DA:68,4
DA:69,4
DA:70,4
DA:71,4
DA:72,4
DA:73,4
DA:74,4
DA:75,4
DA:76,4
DA:77,4
DA:78,4
DA:79,4
DA:80,4
DA:81,4
DA:82,4
DA:83,4
DA:113,4
DA:114,4
DA:115,4
DA:116,21
DA:118,4
LF:66
LH:63
BRF:0
BRH:0
end_of_record
TN:
SF:dist/src/utils/functions.js
FN:2,(anonymous_0)
FN:6,(anonymous_1)
FN:9,(anonymous_2)
FN:13,(anonymous_3)
FN:15,(anonymous_4)
FN:18,(anonymous_5)
FN:25,(anonymous_6)
FN:34,numToBits
FN:46,toHexAndPad
FN:56,symbolTableAddEntry
FN:63,log
FN:68,isEmpty
FN:85,makeInput
FN:115,makeOutput
FN:146,makeObjectFile
FN:158,(anonymous_15)
FNF:16
FNH:11
FNDA:404,(anonymous_0)
FNDA:28,(anonymous_1)
FNDA:0,(anonymous_2)
FNDA:4,(anonymous_3)
FNDA:0,(anonymous_4)
FNDA:4,(anonymous_5)
FNDA:4,(anonymous_6)
FNDA:455,numToBits
FNDA:15,toHexAndPad
FNDA:66,symbolTableAddEntry
FNDA:0,log
FNDA:14,isEmpty
FNDA:7,makeInput
FNDA:7,makeOutput
FNDA:0,makeObjectFile
FNDA:0,(anonymous_15)
DA:2,4
DA:3,404
DA:4,404
DA:5,404
DA:6,384
DA:8,404
DA:10,0
DA:11,0
DA:13,4
DA:14,4
DA:16,0
DA:18,4
DA:19,4
DA:20,4
DA:21,404
DA:22,4
DA:23,4
DA:25,4
DA:26,4
DA:28,4
DA:29,4
DA:30,4
DA:31,4
DA:32,4
DA:33,4
DA:35,455
DA:37,455
DA:38,444
DA:41,11
DA:42,11
DA:45,4
DA:47,15
DA:53,15
DA:55,4
DA:57,66
DA:58,66
DA:59,0
DA:62,4
DA:64,0
DA:66,4
DA:69,14
DA:70,14
DA:77,0
DA:80,14
DA:83,4
DA:92,7
DA:93,7
DA:94,7
DA:95,7
DA:96,0
DA:97,7
DA:98,7
DA:99,0
DA:100,7
DA:103,0
DA:104,0
DA:106,0
DA:107,0
DA:110,0
DA:111,0
DA:114,4
DA:122,7
DA:123,7
DA:124,7
DA:125,7
DA:126,0
DA:127,7
DA:128,7
DA:129,0
DA:130,7
DA:133,0
DA:134,0
DA:136,0
DA:137,0
DA:140,0
DA:141,0
DA:144,4
DA:154,0
DA:155,0
DA:156,0
DA:157,0
DA:158,0
DA:159,0
DA:165,0
DA:166,0
DA:167,0
DA:168,0
DA:169,0
DA:171,0
DA:174,0
DA:175,0
DA:178,0
DA:179,0
DA:182,4
LF:94
LH:56
BRDA:2,0,0,4
BRDA:2,0,1,0
BRDA:2,0,2,4
BRDA:2,1,0,4
BRDA:2,1,1,0
BRDA:3,2,0,404
BRDA:3,2,1,0
BRDA:5,3,0,384
BRDA:5,3,1,20
BRDA:5,4,0,404
BRDA:5,4,1,404
BRDA:5,5,0,20
BRDA:5,5,1,384
BRDA:5,6,0,384
BRDA:5,6,1,20
BRDA:10,7,0,0
BRDA:10,7,1,0
BRDA:13,8,0,4
BRDA:13,8,1,0
BRDA:13,8,2,4
BRDA:13,9,0,4
BRDA:13,9,1,0
BRDA:18,10,0,4
BRDA:18,10,1,0
BRDA:18,10,2,4
BRDA:19,11,0,0
BRDA:19,11,1,4
BRDA:19,12,0,4
BRDA:19,12,1,4
BRDA:21,13,0,4
BRDA:21,13,1,0
BRDA:21,14,0,404
BRDA:21,14,1,0
BRDA:21,15,0,404
BRDA:21,15,1,404
BRDA:25,16,0,4
BRDA:25,16,1,0
BRDA:25,16,2,4
BRDA:26,17,0,0
BRDA:26,17,1,4
BRDA:26,18,0,4
BRDA:26,18,1,4
BRDA:35,19,0,22
BRDA:35,19,1,433
BRDA:37,20,0,444
BRDA:37,20,1,11
BRDA:47,21,0,15
BRDA:47,21,1,0
BRDA:58,22,0,0
BRDA:58,22,1,66
BRDA:70,23,0,0
BRDA:70,23,1,14
BRDA:70,24,0,14
BRDA:70,24,1,14
BRDA:70,24,2,14
BRDA:70,24,3,14
BRDA:70,24,4,14
BRDA:70,24,5,0
BRDA:70,24,6,14
BRDA:95,25,0,0
BRDA:95,25,1,7
BRDA:98,26,0,0
BRDA:98,26,1,7
BRDA:103,27,0,0
BRDA:103,27,1,0
BRDA:106,28,0,0
BRDA:106,28,1,0
BRDA:125,29,0,0
BRDA:125,29,1,7
BRDA:128,30,0,0
BRDA:128,30,1,7
BRDA:133,31,0,0
BRDA:133,31,1,0
BRDA:136,32,0,0
BRDA:136,32,1,0
BRDA:157,33,0,0
BRDA:157,33,1,0
BRDA:159,34,0,0
BRDA:159,34,1,0
BRDA:174,35,0,0
BRDA:174,35,1,0
BRF:81
BRH:46
end_of_record
TN:
SF:src/simulator/assembler.ts
FN:14,(anonymous_0)
FN:50,(anonymous_1)
FN:51,(anonymous_2)
FN:104,(anonymous_3)
FN:220,(anonymous_4)
FN:242,(anonymous_5)
FN:258,(anonymous_6)
FNF:7
FNH:7
FNDA:10,(anonymous_0)
FNDA:279,(anonymous_1)
FNDA:736,(anonymous_2)
FNDA:8,(anonymous_3)
FNDA:8,(anonymous_4)
FNDA:7,(anonymous_5)
FNDA:165,(anonymous_6)
DA:14,4
DA:41,10
DA:42,10
DA:43,10
DA:45,10
DA:46,10
DA:48,10
DA:49,10
DA:50,10
DA:51,736
DA:52,279
DA:54,279
DA:55,10
DA:56,10
DA:57,10
DA:58,269
DA:59,10
DA:60,10
DA:61,10
DA:62,259
DA:63,28
DA:65,3
DA:68,25
DA:69,25
DA:70,25
DA:71,25
DA:74,28
DA:75,231
DA:76,231
DA:78,41
DA:79,41
DA:80,41
DA:81,41
DA:84,190
DA:85,190
DA:87,190
DA:88,15
DA:89,15
DA:90,15
DA:91,8
DA:92,8
DA:96,190
DA:99,218
DA:101,10
DA:104,4
DA:115,8
DA:124,8
DA:126,8
DA:127,148
DA:128,148
DA:131,148
DA:132,11
DA:133,11
DA:134,11
DA:135,11
DA:138,11
DA:139,6
DA:140,6
DA:142,6
DA:144,137
DA:146,1
DA:147,1
DA:148,1
DA:149,1
DA:150,1
DA:153,136
DA:154,136
DA:155,54
DA:156,13
DA:157,13
DA:158,13
DA:159,13
DA:160,41
DA:161,1
DA:162,1
DA:163,1
DA:164,1
DA:166,40
DA:167,40
DA:168,40
DA:169,40
DA:171,54
DA:173,82
DA:174,75
DA:175,3
DA:176,3
DA:177,3
DA:181,72
DA:182,12
DA:186,12
DA:187,12
DA:188,60
DA:194,26
DA:195,26
DA:196,26
DA:197,26
DA:199,34
DA:200,34
DA:202,34
DA:207,75
DA:209,7
DA:210,7
DA:211,7
DA:215,148
DA:217,8
DA:220,4
DA:232,8
DA:233,8
DA:234,22
DA:236,22
DA:239,8
DA:242,4
DA:249,7
DA:250,7
DA:254,7
DA:255,7
DA:256,7
DA:258,7
DA:259,165
DA:262,7
LF:120
LH:120
BRDA:54,0,0,10
BRDA:54,0,1,269
BRDA:58,1,0,10
BRDA:58,1,1,259
BRDA:62,2,0,28
BRDA:62,2,1,231
BRDA:63,3,0,3
BRDA:63,3,1,25
BRDA:75,4,0,231
BRDA:75,4,1,0
BRDA:76,5,0,41
BRDA:76,5,1,190
BRDA:87,6,0,15
BRDA:87,6,1,175
BRDA:90,7,0,8
BRDA:90,7,1,7
BRDA:131,8,0,11
BRDA:131,8,1,137
BRDA:138,9,0,6
BRDA:138,9,1,5
BRDA:144,10,0,1
BRDA:144,10,1,136
BRDA:154,11,0,54
BRDA:154,11,1,82
BRDA:155,12,0,13
BRDA:155,12,1,41
BRDA:155,13,0,54
BRDA:155,13,1,46
BRDA:160,14,0,1
BRDA:160,14,1,40
BRDA:173,15,0,75
BRDA:173,15,1,7
BRDA:174,16,0,3
BRDA:174,16,1,72
BRDA:178,17,0,2
BRDA:178,17,1,1
BRDA:181,18,0,12
BRDA:181,18,1,60
BRDA:181,19,0,72
BRDA:181,19,1,68
BRDA:188,20,0,26
BRDA:188,20,1,34
BRDA:189,21,0,60
BRDA:189,21,1,50
BRDA:189,21,2,46
BRDA:189,21,3,37
BRDA:203,22,0,14
BRDA:203,22,1,20
BRDA:209,23,0,7
BRDA:209,23,1,0
BRDA:235,24,0,11
BRDA:235,24,1,11
BRF:52
BRH:50
end_of_record
TN:
SF:src/utils/constants.ts
FN:56,(anonymous_0)
FN:68,(anonymous_1)
FN:79,(anonymous_2)
FN:157,(anonymous_3)
FNF:4
FNH:3
FNDA:108,(anonymous_0)
FNDA:283,(anonymous_1)
FNDA:0,(anonymous_2)
FNDA:21,(anonymous_3)
DA:1,4
DA:3,4
DA:4,4
DA:5,4
DA:6,4
DA:7,4
DA:28,4
DA:34,4
DA:42,4
DA:43,4
DA:44,4
DA:45,4
DA:47,4
DA:57,108
DA:58,108
DA:59,108
DA:60,108
DA:69,283
DA:70,283
DA:80,0
DA:81,0
DA:82,0
DA:87,4
DA:88,4
DA:89,4
DA:90,4
DA:91,4
DA:92,4
DA:93,4
DA:94,4
DA:95,4
DA:96,4
DA:97,4
DA:98,4
DA:99,4
DA:100,4
DA:101,4
DA:102,4
DA:103,4
DA:104,4
DA:105,4
DA:106,4
DA:107,4
DA:108,4
DA:109,4
DA:110,4
DA:111,4
DA:112,4
DA:113,4
DA:119,4
DA:150,4
DA:155,4
DA:157,4
DA:158,21
LF:54
LH:51
BRF:0
BRH:0
end_of_record
TN:
SF:src/utils/functions.ts
FN:6,numToBits
FN:16,toHexAndPad
FN:25,symbolTableAddEntry
FN:32,log
FN:37,isEmpty
FN:55,makeInput
FN:96,makeOutput
FN:138,makeObjectFile
FN:160,(anonymous_8)
FNF:9
FNH:6
FNDA:455,numToBits
FNDA:15,toHexAndPad
FNDA:66,symbolTableAddEntry
FNDA:0,log
FNDA:14,isEmpty
FNDA:7,makeInput
FNDA:7,makeOutput
FNDA:0,makeObjectFile
FNDA:0,(anonymous_8)
DA:8,455
DA:9,444
DA:11,11
DA:12,11
DA:22,15
DA:26,66
DA:27,66
DA:28,0
DA:33,0
DA:38,14
DA:39,14
DA:48,0
DA:50,14
DA:66,7
DA:67,7
DA:73,7
DA:74,7
DA:76,7
DA:78,7
DA:79,7
DA:81,0
DA:82,0
DA:86,0
DA:87,0
DA:91,0
DA:92,0
DA:107,7
DA:108,7
DA:114,7
DA:115,7
DA:117,7
DA:119,7
DA:120,7
DA:122,0
DA:123,0
DA:127,0
DA:128,0
DA:132,0
DA:133,0
DA:151,0
DA:152,0
DA:158,0
DA:159,0
DA:160,0
DA:161,0
DA:165,0
DA:166,0
DA:168,0
DA:169,0
DA:172,0
DA:174,0
DA:175,0
DA:176,0
DA:177,0
LF:54
LH:24
BRDA:6,0,0,22
BRDA:8,1,0,444
BRDA:8,1,1,11
BRDA:16,2,0,15
BRDA:27,3,0,0
BRDA:27,3,1,66
BRDA:39,4,0,0
BRDA:39,4,1,14
BRDA:40,5,0,14
BRDA:40,5,1,14
BRDA:40,5,2,14
BRDA:40,5,3,14
BRDA:40,5,4,14
BRDA:40,5,5,0
BRDA:40,5,6,14
BRDA:74,6,0,0
BRDA:74,6,1,7
BRDA:78,7,0,0
BRDA:78,7,1,7
BRDA:81,8,0,0
BRDA:81,8,1,0
BRDA:86,9,0,0
BRDA:86,9,1,0
BRDA:115,10,0,0
BRDA:115,10,1,7
BRDA:119,11,0,0
BRDA:119,11,1,7
BRDA:122,12,0,0
BRDA:122,12,1,0
BRDA:127,13,0,0
BRDA:127,13,1,0
BRDA:159,14,0,0
BRDA:159,14,1,0
BRDA:161,15,0,0
BRDA:161,15,1,0
BRDA:174,16,0,0
BRDA:174,16,1,0
BRF:37
BRH:16
end_of_record
